<?xml version="1.0" encoding="UTF-8"?>
<!-- Generated by org.testng.reporters.JUnitXMLReporter -->
<testsuite ignored="0" hostname="DESKTOP-KN95FAS" failures="0" tests="3" name="Default test" time="18.149" errors="0" timestamp="2024-11-10T16:07:22 IST">
  <testcase classname="com.my.pname.tests.SigunTest" name="signupPageTitleTest" time="0.028"/>
  <testcase classname="com.my.pname.tests.SigunTest" name="signupOp" time="6.81"/>
  <testcase classname="com.my.pname.tests.SigunTest" name="scussSignUpMsgTest" time="0.01"/>
</testsuite> <!-- Default test -->
