<?xml version="1.0" encoding="UTF-8"?>
<!-- Generated by org.testng.reporters.JUnitXMLReporter -->
<testsuite ignored="0" hostname="DESKTOP-KN95FAS" failures="0" tests="3" name="Test" time="26.163" errors="0" timestamp="2024-11-11T13:02:46 IST">
  <testcase classname="com.my.pname.tests.SignUpTest" name="signupPageTitleTest" time="0.075"/>
  <testcase classname="com.my.pname.tests.SignUpTest" name="signupOp" time="12.07"/>
  <testcase classname="com.my.pname.tests.SignUpTest" name="scussSignUpMsgTest" time="0.015"/>
</testsuite> <!-- Test -->
