<?xml version="1.0" encoding="UTF-8"?>
<testng-results ignored="0" total="1" passed="1" failed="0" skipped="0">
  <reporter-output>
  </reporter-output>
  <suite started-at="2024-11-11T14:51:03 IST" name="Suite" finished-at="2024-11-11T14:51:18 IST" duration-ms="14906">
    <groups>
    </groups>
    <test started-at="2024-11-11T14:51:03 IST" name="Test2" finished-at="2024-11-11T14:51:18 IST" duration-ms="14906">
      <class name="com.my.pname.tests.LoginTest">
        <test-method is-config="true" signature="setup()[pri:0, instance:com.my.pname.tests.LoginTest@1869fbd2]" started-at="2024-11-11T14:51:03 IST" name="setup" finished-at="2024-11-11T14:51:14 IST" duration-ms="10691" status="PASS">
          <reporter-output>
          </reporter-output>
        </test-method> <!-- setup -->
        <test-method signature="loinOp()[pri:0, instance:com.my.pname.tests.LoginTest@1869fbd2]" started-at="2024-11-11T14:51:14 IST" name="loinOp" finished-at="2024-11-11T14:51:17 IST" duration-ms="3345" status="PASS">
          <reporter-output>
          </reporter-output>
        </test-method> <!-- loinOp -->
        <test-method is-config="true" signature="teardown()[pri:0, instance:com.my.pname.tests.LoginTest@1869fbd2]" started-at="2024-11-11T14:51:17 IST" name="teardown" finished-at="2024-11-11T14:51:18 IST" duration-ms="419" status="PASS">
          <reporter-output>
          </reporter-output>
        </test-method> <!-- teardown -->
      </class> <!-- com.my.pname.tests.LoginTest -->
    </test> <!-- Test2 -->
  </suite> <!-- Suite -->
</testng-results>
